{"/home/mluisaprado/software-backend/src/controllers/authController.ts": {"path":"/home/mluisaprado/software-backend/src/controllers/authController.ts","statementMap":{"0":{"start":{"line":2,"column":0},"end":{"line":2,"column":31}},"1":{"start":{"line":3,"column":0},"end":{"line":3,"column":34}},"2":{"start":{"line":5,"column":19},"end":{"line":5,"column":79}},"3":{"start":{"line":8,"column":24},"end":{"line":60,"column":1}},"4":{"start":{"line":9,"column":2},"end":{"line":59,"column":3}},"5":{"start":{"line":10,"column":38},"end":{"line":10,"column":46}},"6":{"start":{"line":12,"column":4},"end":{"line":18,"column":5}},"7":{"start":{"line":13,"column":6},"end":{"line":16,"column":9}},"8":{"start":{"line":17,"column":6},"end":{"line":17,"column":13}},"9":{"start":{"line":21,"column":25},"end":{"line":21,"column":65}},"10":{"start":{"line":22,"column":4},"end":{"line":28,"column":5}},"11":{"start":{"line":23,"column":6},"end":{"line":26,"column":9}},"12":{"start":{"line":27,"column":6},"end":{"line":27,"column":13}},"13":{"start":{"line":31,"column":17},"end":{"line":35,"column":6}},"14":{"start":{"line":37,"column":18},"end":{"line":40,"column":null}},"15":{"start":{"line":42,"column":4},"end":{"line":51,"column":7}},"16":{"start":{"line":53,"column":4},"end":{"line":53,"column":47}},"17":{"start":{"line":54,"column":4},"end":{"line":58,"column":7}},"18":{"start":{"line":8,"column":13},"end":{"line":8,"column":24}},"19":{"start":{"line":63,"column":21},"end":{"line":119,"column":1}},"20":{"start":{"line":64,"column":2},"end":{"line":118,"column":3}},"21":{"start":{"line":65,"column":32},"end":{"line":65,"column":40}},"22":{"start":{"line":67,"column":4},"end":{"line":73,"column":5}},"23":{"start":{"line":68,"column":6},"end":{"line":71,"column":9}},"24":{"start":{"line":72,"column":6},"end":{"line":72,"column":13}},"25":{"start":{"line":76,"column":17},"end":{"line":76,"column":57}},"26":{"start":{"line":77,"column":4},"end":{"line":83,"column":5}},"27":{"start":{"line":78,"column":6},"end":{"line":81,"column":9}},"28":{"start":{"line":82,"column":6},"end":{"line":82,"column":13}},"29":{"start":{"line":86,"column":28},"end":{"line":86,"column":64}},"30":{"start":{"line":87,"column":4},"end":{"line":93,"column":5}},"31":{"start":{"line":88,"column":6},"end":{"line":91,"column":9}},"32":{"start":{"line":92,"column":6},"end":{"line":92,"column":13}},"33":{"start":{"line":96,"column":18},"end":{"line":99,"column":null}},"34":{"start":{"line":101,"column":4},"end":{"line":110,"column":7}},"35":{"start":{"line":112,"column":4},"end":{"line":112,"column":44}},"36":{"start":{"line":113,"column":4},"end":{"line":117,"column":7}},"37":{"start":{"line":63,"column":13},"end":{"line":63,"column":21}},"38":{"start":{"line":122,"column":26},"end":{"line":150,"column":1}},"39":{"start":{"line":123,"column":2},"end":{"line":149,"column":3}},"40":{"start":{"line":124,"column":20},"end":{"line":124,"column":39}},"41":{"start":{"line":126,"column":17},"end":{"line":128,"column":6}},"42":{"start":{"line":130,"column":4},"end":{"line":136,"column":5}},"43":{"start":{"line":131,"column":6},"end":{"line":134,"column":9}},"44":{"start":{"line":135,"column":6},"end":{"line":135,"column":13}},"45":{"start":{"line":138,"column":4},"end":{"line":141,"column":7}},"46":{"start":{"line":143,"column":4},"end":{"line":143,"column":53}},"47":{"start":{"line":144,"column":4},"end":{"line":148,"column":7}},"48":{"start":{"line":122,"column":13},"end":{"line":122,"column":26}}},"fnMap":{"0":{"name":"(anonymous_1)","decl":{"start":{"line":8,"column":24},"end":{"line":8,"column":29}},"loc":{"start":{"line":8,"column":77},"end":{"line":60,"column":1}}},"1":{"name":"(anonymous_2)","decl":{"start":{"line":63,"column":21},"end":{"line":63,"column":26}},"loc":{"start":{"line":63,"column":74},"end":{"line":119,"column":1}}},"2":{"name":"(anonymous_3)","decl":{"start":{"line":122,"column":26},"end":{"line":122,"column":31}},"loc":{"start":{"line":122,"column":79},"end":{"line":150,"column":1}}}},"branchMap":{"0":{"loc":{"start":{"line":5,"column":19},"end":{"line":5,"column":79}},"type":"binary-expr","locations":[{"start":{"line":5,"column":19},"end":{"line":5,"column":41}},{"start":{"line":5,"column":45},"end":{"line":5,"column":79}}]},"1":{"loc":{"start":{"line":12,"column":4},"end":{"line":18,"column":5}},"type":"if","locations":[{"start":{"line":12,"column":4},"end":{"line":18,"column":5}}]},"2":{"loc":{"start":{"line":12,"column":8},"end":{"line":12,"column":36}},"type":"binary-expr","locations":[{"start":{"line":12,"column":8},"end":{"line":12,"column":13}},{"start":{"line":12,"column":17},"end":{"line":12,"column":23}},{"start":{"line":12,"column":27},"end":{"line":12,"column":36}}]},"3":{"loc":{"start":{"line":22,"column":4},"end":{"line":28,"column":5}},"type":"if","locations":[{"start":{"line":22,"column":4},"end":{"line":28,"column":5}}]},"4":{"loc":{"start":{"line":67,"column":4},"end":{"line":73,"column":5}},"type":"if","locations":[{"start":{"line":67,"column":4},"end":{"line":73,"column":5}}]},"5":{"loc":{"start":{"line":67,"column":8},"end":{"line":67,"column":27}},"type":"binary-expr","locations":[{"start":{"line":67,"column":8},"end":{"line":67,"column":14}},{"start":{"line":67,"column":18},"end":{"line":67,"column":27}}]},"6":{"loc":{"start":{"line":77,"column":4},"end":{"line":83,"column":5}},"type":"if","locations":[{"start":{"line":77,"column":4},"end":{"line":83,"column":5}}]},"7":{"loc":{"start":{"line":87,"column":4},"end":{"line":93,"column":5}},"type":"if","locations":[{"start":{"line":87,"column":4},"end":{"line":93,"column":5}}]},"8":{"loc":{"start":{"line":130,"column":4},"end":{"line":136,"column":5}},"type":"if","locations":[{"start":{"line":130,"column":4},"end":{"line":136,"column":5}}]}},"s":{"0":1,"1":1,"2":1,"3":1,"4":3,"5":3,"6":3,"7":1,"8":1,"9":2,"10":2,"11":1,"12":1,"13":1,"14":1,"15":1,"16":0,"17":0,"18":1,"19":1,"20":4,"21":4,"22":4,"23":1,"24":1,"25":3,"26":3,"27":1,"28":1,"29":2,"30":2,"31":1,"32":1,"33":1,"34":1,"35":0,"36":0,"37":1,"38":1,"39":0,"40":0,"41":0,"42":0,"43":0,"44":0,"45":0,"46":0,"47":0,"48":1},"f":{"0":3,"1":4,"2":0},"b":{"0":[1,0],"1":[1],"2":[3,2,2],"3":[1],"4":[1],"5":[4,3],"6":[1],"7":[1],"8":[0]}}
,"/home/mluisaprado/software-backend/src/controllers/tripController.ts": {"path":"/home/mluisaprado/software-backend/src/controllers/tripController.ts","statementMap":{"0":{"start":{"line":2,"column":0},"end":{"line":2,"column":45}},"1":{"start":{"line":3,"column":0},"end":{"line":3,"column":38}},"2":{"start":{"line":15,"column":26},"end":{"line":95,"column":1}},"3":{"start":{"line":16,"column":2},"end":{"line":94,"column":3}},"4":{"start":{"line":17,"column":19},"end":{"line":17,"column":31}},"5":{"start":{"line":19,"column":4},"end":{"line":25,"column":5}},"6":{"start":{"line":20,"column":6},"end":{"line":23,"column":9}},"7":{"start":{"line":24,"column":6},"end":{"line":24,"column":13}},"8":{"start":{"line":35,"column":8},"end":{"line":35,"column":34}},"9":{"start":{"line":37,"column":4},"end":{"line":43,"column":5}},"10":{"start":{"line":38,"column":6},"end":{"line":41,"column":9}},"11":{"start":{"line":42,"column":6},"end":{"line":42,"column":13}},"12":{"start":{"line":45,"column":4},"end":{"line":51,"column":5}},"13":{"start":{"line":46,"column":6},"end":{"line":49,"column":9}},"14":{"start":{"line":50,"column":6},"end":{"line":50,"column":13}},"15":{"start":{"line":53,"column":27},"end":{"line":53,"column":57}},"16":{"start":{"line":55,"column":4},"end":{"line":61,"column":5}},"17":{"start":{"line":56,"column":6},"end":{"line":59,"column":9}},"18":{"start":{"line":60,"column":6},"end":{"line":60,"column":13}},"19":{"start":{"line":63,"column":28},"end":{"line":63,"column":52}},"20":{"start":{"line":64,"column":4},"end":{"line":70,"column":5}},"21":{"start":{"line":65,"column":6},"end":{"line":68,"column":9}},"22":{"start":{"line":69,"column":6},"end":{"line":69,"column":13}},"23":{"start":{"line":72,"column":17},"end":{"line":81,"column":6}},"24":{"start":{"line":82,"column":4},"end":{"line":86,"column":7}},"25":{"start":{"line":88,"column":4},"end":{"line":88,"column":50}},"26":{"start":{"line":89,"column":4},"end":{"line":93,"column":7}},"27":{"start":{"line":15,"column":13},"end":{"line":15,"column":26}},"28":{"start":{"line":97,"column":25},"end":{"line":163,"column":1}},"29":{"start":{"line":98,"column":2},"end":{"line":162,"column":3}},"30":{"start":{"line":99,"column":50},"end":{"line":99,"column":null}},"31":{"start":{"line":106,"column":32},"end":{"line":106,"column":34}},"32":{"start":{"line":108,"column":4},"end":{"line":110,"column":5}},"33":{"start":{"line":109,"column":6},"end":{"line":109,"column":51}},"34":{"start":{"line":112,"column":4},"end":{"line":114,"column":5}},"35":{"start":{"line":113,"column":6},"end":{"line":113,"column":61}},"36":{"start":{"line":116,"column":4},"end":{"line":120,"column":5}},"37":{"start":{"line":117,"column":6},"end":{"line":117,"column":28}},"38":{"start":{"line":119,"column":6},"end":{"line":119,"column":33}},"39":{"start":{"line":122,"column":4},"end":{"line":138,"column":5}},"40":{"start":{"line":123,"column":25},"end":{"line":123,"column":39}},"41":{"start":{"line":124,"column":6},"end":{"line":130,"column":7}},"42":{"start":{"line":125,"column":8},"end":{"line":128,"column":11}},"43":{"start":{"line":129,"column":8},"end":{"line":129,"column":15}},"44":{"start":{"line":132,"column":25},"end":{"line":132,"column":66}},"45":{"start":{"line":133,"column":23},"end":{"line":133,"column":69}},"46":{"start":{"line":135,"column":6},"end":{"line":137,"column":8}},"47":{"start":{"line":140,"column":18},"end":{"line":149,"column":6}},"48":{"start":{"line":151,"column":4},"end":{"line":154,"column":7}},"49":{"start":{"line":156,"column":4},"end":{"line":156,"column":52}},"50":{"start":{"line":157,"column":4},"end":{"line":161,"column":7}},"51":{"start":{"line":97,"column":13},"end":{"line":97,"column":25}}},"fnMap":{"0":{"name":"(anonymous_0)","decl":{"start":{"line":15,"column":26},"end":{"line":15,"column":31}},"loc":{"start":{"line":15,"column":79},"end":{"line":95,"column":1}}},"1":{"name":"(anonymous_1)","decl":{"start":{"line":97,"column":25},"end":{"line":97,"column":30}},"loc":{"start":{"line":97,"column":78},"end":{"line":163,"column":1}}}},"branchMap":{"0":{"loc":{"start":{"line":19,"column":4},"end":{"line":25,"column":5}},"type":"if","locations":[{"start":{"line":19,"column":4},"end":{"line":25,"column":5}}]},"1":{"loc":{"start":{"line":37,"column":4},"end":{"line":43,"column":5}},"type":"if","locations":[{"start":{"line":37,"column":4},"end":{"line":43,"column":5}}]},"2":{"loc":{"start":{"line":37,"column":8},"end":{"line":37,"column":85}},"type":"binary-expr","locations":[{"start":{"line":37,"column":8},"end":{"line":37,"column":15}},{"start":{"line":37,"column":19},"end":{"line":37,"column":31}},{"start":{"line":37,"column":35},"end":{"line":37,"column":50}},{"start":{"line":37,"column":54},"end":{"line":37,"column":69}},{"start":{"line":37,"column":73},"end":{"line":37,"column":85}}]},"3":{"loc":{"start":{"line":45,"column":4},"end":{"line":51,"column":5}},"type":"if","locations":[{"start":{"line":45,"column":4},"end":{"line":51,"column":5}}]},"4":{"loc":{"start":{"line":53,"column":27},"end":{"line":53,"column":57}},"type":"binary-expr","locations":[{"start":{"line":53,"column":27},"end":{"line":53,"column":42}},{"start":{"line":53,"column":46},"end":{"line":53,"column":57}}]},"5":{"loc":{"start":{"line":55,"column":4},"end":{"line":61,"column":5}},"type":"if","locations":[{"start":{"line":55,"column":4},"end":{"line":61,"column":5}}]},"6":{"loc":{"start":{"line":55,"column":8},"end":{"line":55,"column":58}},"type":"binary-expr","locations":[{"start":{"line":55,"column":8},"end":{"line":55,"column":26}},{"start":{"line":55,"column":30},"end":{"line":55,"column":58}}]},"7":{"loc":{"start":{"line":64,"column":4},"end":{"line":70,"column":5}},"type":"if","locations":[{"start":{"line":64,"column":4},"end":{"line":70,"column":5}}]},"8":{"loc":{"start":{"line":80,"column":14},"end":{"line":80,"column":35}},"type":"binary-expr","locations":[{"start":{"line":80,"column":14},"end":{"line":80,"column":20}},{"start":{"line":80,"column":24},"end":{"line":80,"column":35}}]},"9":{"loc":{"start":{"line":108,"column":4},"end":{"line":110,"column":5}},"type":"if","locations":[{"start":{"line":108,"column":4},"end":{"line":110,"column":5}}]},"10":{"loc":{"start":{"line":112,"column":4},"end":{"line":114,"column":5}},"type":"if","locations":[{"start":{"line":112,"column":4},"end":{"line":114,"column":5}}]},"11":{"loc":{"start":{"line":116,"column":4},"end":{"line":120,"column":5}},"type":"if","locations":[{"start":{"line":116,"column":4},"end":{"line":120,"column":5}},{"start":{"line":118,"column":11},"end":{"line":120,"column":5}}]},"12":{"loc":{"start":{"line":122,"column":4},"end":{"line":138,"column":5}},"type":"if","locations":[{"start":{"line":122,"column":4},"end":{"line":138,"column":5}}]},"13":{"loc":{"start":{"line":124,"column":6},"end":{"line":130,"column":7}},"type":"if","locations":[{"start":{"line":124,"column":6},"end":{"line":130,"column":7}}]}},"s":{"0":1,"1":1,"2":1,"3":3,"4":3,"5":3,"6":1,"7":1,"8":2,"9":2,"10":1,"11":1,"12":1,"13":0,"14":0,"15":1,"16":1,"17":0,"18":0,"19":1,"20":1,"21":0,"22":0,"23":1,"24":1,"25":0,"26":0,"27":1,"28":1,"29":2,"30":2,"31":2,"32":2,"33":1,"34":2,"35":1,"36":2,"37":0,"38":2,"39":2,"40":1,"41":1,"42":1,"43":1,"44":0,"45":0,"46":0,"47":1,"48":1,"49":0,"50":0,"51":1},"f":{"0":3,"1":2},"b":{"0":[1],"1":[1],"2":[2,1,1,1,1],"3":[0],"4":[1,0],"5":[0],"6":[1,1],"7":[0],"8":[1,1],"9":[1],"10":[1],"11":[0,2],"12":[1],"13":[1]}}
}
