{"/home/mluisaprado/software-backend/src/controllers/authController.ts": {"path":"/home/mluisaprado/software-backend/src/controllers/authController.ts","statementMap":{"0":{"start":{"line":2,"column":0},"end":{"line":2,"column":31}},"1":{"start":{"line":3,"column":0},"end":{"line":3,"column":34}},"2":{"start":{"line":4,"column":0},"end":{"line":4,"column":24}},"3":{"start":{"line":5,"column":0},"end":{"line":5,"column":20}},"4":{"start":{"line":7,"column":19},"end":{"line":7,"column":79}},"5":{"start":{"line":10,"column":24},"end":{"line":63,"column":1}},"6":{"start":{"line":11,"column":2},"end":{"line":62,"column":3}},"7":{"start":{"line":12,"column":38},"end":{"line":12,"column":46}},"8":{"start":{"line":14,"column":4},"end":{"line":20,"column":5}},"9":{"start":{"line":15,"column":6},"end":{"line":18,"column":9}},"10":{"start":{"line":19,"column":6},"end":{"line":19,"column":13}},"11":{"start":{"line":23,"column":25},"end":{"line":23,"column":65}},"12":{"start":{"line":24,"column":4},"end":{"line":30,"column":5}},"13":{"start":{"line":25,"column":6},"end":{"line":28,"column":9}},"14":{"start":{"line":29,"column":6},"end":{"line":29,"column":13}},"15":{"start":{"line":33,"column":17},"end":{"line":37,"column":6}},"16":{"start":{"line":39,"column":18},"end":{"line":42,"column":null}},"17":{"start":{"line":44,"column":4},"end":{"line":54,"column":7}},"18":{"start":{"line":56,"column":4},"end":{"line":56,"column":47}},"19":{"start":{"line":57,"column":4},"end":{"line":61,"column":7}},"20":{"start":{"line":10,"column":13},"end":{"line":10,"column":24}},"21":{"start":{"line":66,"column":21},"end":{"line":123,"column":1}},"22":{"start":{"line":67,"column":2},"end":{"line":122,"column":3}},"23":{"start":{"line":68,"column":32},"end":{"line":68,"column":40}},"24":{"start":{"line":70,"column":4},"end":{"line":76,"column":5}},"25":{"start":{"line":71,"column":6},"end":{"line":74,"column":9}},"26":{"start":{"line":75,"column":6},"end":{"line":75,"column":13}},"27":{"start":{"line":79,"column":17},"end":{"line":79,"column":57}},"28":{"start":{"line":80,"column":4},"end":{"line":86,"column":5}},"29":{"start":{"line":81,"column":6},"end":{"line":84,"column":9}},"30":{"start":{"line":85,"column":6},"end":{"line":85,"column":13}},"31":{"start":{"line":89,"column":28},"end":{"line":89,"column":64}},"32":{"start":{"line":90,"column":4},"end":{"line":96,"column":5}},"33":{"start":{"line":91,"column":6},"end":{"line":94,"column":9}},"34":{"start":{"line":95,"column":6},"end":{"line":95,"column":13}},"35":{"start":{"line":99,"column":18},"end":{"line":102,"column":null}},"36":{"start":{"line":104,"column":4},"end":{"line":114,"column":7}},"37":{"start":{"line":116,"column":4},"end":{"line":116,"column":44}},"38":{"start":{"line":117,"column":4},"end":{"line":121,"column":7}},"39":{"start":{"line":66,"column":13},"end":{"line":66,"column":21}},"40":{"start":{"line":126,"column":26},"end":{"line":154,"column":1}},"41":{"start":{"line":127,"column":2},"end":{"line":153,"column":3}},"42":{"start":{"line":128,"column":20},"end":{"line":128,"column":39}},"43":{"start":{"line":130,"column":17},"end":{"line":132,"column":6}},"44":{"start":{"line":134,"column":4},"end":{"line":140,"column":5}},"45":{"start":{"line":135,"column":6},"end":{"line":138,"column":9}},"46":{"start":{"line":139,"column":6},"end":{"line":139,"column":13}},"47":{"start":{"line":142,"column":4},"end":{"line":145,"column":7}},"48":{"start":{"line":147,"column":4},"end":{"line":147,"column":53}},"49":{"start":{"line":148,"column":4},"end":{"line":152,"column":7}},"50":{"start":{"line":126,"column":13},"end":{"line":126,"column":26}},"51":{"start":{"line":157,"column":36},"end":{"line":222,"column":1}},"52":{"start":{"line":158,"column":2},"end":{"line":221,"column":3}},"53":{"start":{"line":159,"column":20},"end":{"line":159,"column":39}},"54":{"start":{"line":161,"column":4},"end":{"line":167,"column":5}},"55":{"start":{"line":162,"column":6},"end":{"line":165,"column":9}},"56":{"start":{"line":166,"column":6},"end":{"line":166,"column":13}},"57":{"start":{"line":170,"column":17},"end":{"line":170,"column":44}},"58":{"start":{"line":171,"column":4},"end":{"line":177,"column":5}},"59":{"start":{"line":172,"column":6},"end":{"line":175,"column":9}},"60":{"start":{"line":176,"column":6},"end":{"line":176,"column":13}},"61":{"start":{"line":180,"column":4},"end":{"line":190,"column":5}},"62":{"start":{"line":181,"column":29},"end":{"line":184,"column":null}},"63":{"start":{"line":187,"column":6},"end":{"line":189,"column":7}},"64":{"start":{"line":188,"column":8},"end":{"line":188,"column":38}},"65":{"start":{"line":193,"column":21},"end":{"line":193,"column":69}},"66":{"start":{"line":196,"column":4},"end":{"line":196,"column":53}},"67":{"start":{"line":198,"column":4},"end":{"line":204,"column":7}},"68":{"start":{"line":206,"column":4},"end":{"line":206,"column":59}},"69":{"start":{"line":209,"column":4},"end":{"line":214,"column":5}},"70":{"start":{"line":210,"column":23},"end":{"line":210,"column":96}},"71":{"start":{"line":211,"column":6},"end":{"line":213,"column":7}},"72":{"start":{"line":212,"column":8},"end":{"line":212,"column":32}},"73":{"start":{"line":216,"column":4},"end":{"line":220,"column":7}},"74":{"start":{"line":157,"column":13},"end":{"line":157,"column":36}}},"fnMap":{"0":{"name":"(anonymous_1)","decl":{"start":{"line":10,"column":24},"end":{"line":10,"column":29}},"loc":{"start":{"line":10,"column":77},"end":{"line":63,"column":1}}},"1":{"name":"(anonymous_2)","decl":{"start":{"line":66,"column":21},"end":{"line":66,"column":26}},"loc":{"start":{"line":66,"column":74},"end":{"line":123,"column":1}}},"2":{"name":"(anonymous_3)","decl":{"start":{"line":126,"column":26},"end":{"line":126,"column":31}},"loc":{"start":{"line":126,"column":79},"end":{"line":154,"column":1}}},"3":{"name":"(anonymous_4)","decl":{"start":{"line":157,"column":36},"end":{"line":157,"column":41}},"loc":{"start":{"line":157,"column":89},"end":{"line":222,"column":1}}}},"branchMap":{"0":{"loc":{"start":{"line":7,"column":19},"end":{"line":7,"column":79}},"type":"binary-expr","locations":[{"start":{"line":7,"column":19},"end":{"line":7,"column":41}},{"start":{"line":7,"column":45},"end":{"line":7,"column":79}}]},"1":{"loc":{"start":{"line":14,"column":4},"end":{"line":20,"column":5}},"type":"if","locations":[{"start":{"line":14,"column":4},"end":{"line":20,"column":5}}]},"2":{"loc":{"start":{"line":14,"column":8},"end":{"line":14,"column":36}},"type":"binary-expr","locations":[{"start":{"line":14,"column":8},"end":{"line":14,"column":13}},{"start":{"line":14,"column":17},"end":{"line":14,"column":23}},{"start":{"line":14,"column":27},"end":{"line":14,"column":36}}]},"3":{"loc":{"start":{"line":24,"column":4},"end":{"line":30,"column":5}},"type":"if","locations":[{"start":{"line":24,"column":4},"end":{"line":30,"column":5}}]},"4":{"loc":{"start":{"line":51,"column":25},"end":{"line":51,"column":53}},"type":"binary-expr","locations":[{"start":{"line":51,"column":25},"end":{"line":51,"column":45}},{"start":{"line":51,"column":49},"end":{"line":51,"column":53}}]},"5":{"loc":{"start":{"line":70,"column":4},"end":{"line":76,"column":5}},"type":"if","locations":[{"start":{"line":70,"column":4},"end":{"line":76,"column":5}}]},"6":{"loc":{"start":{"line":70,"column":8},"end":{"line":70,"column":27}},"type":"binary-expr","locations":[{"start":{"line":70,"column":8},"end":{"line":70,"column":14}},{"start":{"line":70,"column":18},"end":{"line":70,"column":27}}]},"7":{"loc":{"start":{"line":80,"column":4},"end":{"line":86,"column":5}},"type":"if","locations":[{"start":{"line":80,"column":4},"end":{"line":86,"column":5}}]},"8":{"loc":{"start":{"line":90,"column":4},"end":{"line":96,"column":5}},"type":"if","locations":[{"start":{"line":90,"column":4},"end":{"line":96,"column":5}}]},"9":{"loc":{"start":{"line":111,"column":25},"end":{"line":111,"column":53}},"type":"binary-expr","locations":[{"start":{"line":111,"column":25},"end":{"line":111,"column":45}},{"start":{"line":111,"column":49},"end":{"line":111,"column":53}}]},"10":{"loc":{"start":{"line":134,"column":4},"end":{"line":140,"column":5}},"type":"if","locations":[{"start":{"line":134,"column":4},"end":{"line":140,"column":5}}]},"11":{"loc":{"start":{"line":161,"column":4},"end":{"line":167,"column":5}},"type":"if","locations":[{"start":{"line":161,"column":4},"end":{"line":167,"column":5}}]},"12":{"loc":{"start":{"line":171,"column":4},"end":{"line":177,"column":5}},"type":"if","locations":[{"start":{"line":171,"column":4},"end":{"line":177,"column":5}}]},"13":{"loc":{"start":{"line":180,"column":4},"end":{"line":190,"column":5}},"type":"if","locations":[{"start":{"line":180,"column":4},"end":{"line":190,"column":5}}]},"14":{"loc":{"start":{"line":187,"column":6},"end":{"line":189,"column":7}},"type":"if","locations":[{"start":{"line":187,"column":6},"end":{"line":189,"column":7}}]},"15":{"loc":{"start":{"line":209,"column":4},"end":{"line":214,"column":5}},"type":"if","locations":[{"start":{"line":209,"column":4},"end":{"line":214,"column":5}}]},"16":{"loc":{"start":{"line":211,"column":6},"end":{"line":213,"column":7}},"type":"if","locations":[{"start":{"line":211,"column":6},"end":{"line":213,"column":7}}]}},"s":{"0":1,"1":1,"2":1,"3":1,"4":1,"5":1,"6":4,"7":4,"8":4,"9":1,"10":1,"11":3,"12":3,"13":1,"14":1,"15":2,"16":1,"17":1,"18":1,"19":1,"20":1,"21":1,"22":5,"23":5,"24":5,"25":1,"26":1,"27":4,"28":3,"29":1,"30":1,"31":2,"32":2,"33":1,"34":1,"35":1,"36":1,"37":1,"38":1,"39":1,"40":1,"41":3,"42":3,"43":3,"44":2,"45":1,"46":1,"47":1,"48":1,"49":1,"50":1,"51":1,"52":0,"53":0,"54":0,"55":0,"56":0,"57":0,"58":0,"59":0,"60":0,"61":0,"62":0,"63":0,"64":0,"65":0,"66":0,"67":0,"68":0,"69":0,"70":0,"71":0,"72":0,"73":0,"74":1},"f":{"0":4,"1":5,"2":3,"3":0},"b":{"0":[1,0],"1":[1],"2":[4,3,3],"3":[1],"4":[1,1],"5":[1],"6":[5,4],"7":[1],"8":[1],"9":[1,1],"10":[1],"11":[0],"12":[0],"13":[0],"14":[0],"15":[0],"16":[0]}}
,"/home/mluisaprado/software-backend/src/controllers/messageController.ts": {"path":"/home/mluisaprado/software-backend/src/controllers/messageController.ts","statementMap":{"0":{"start":{"line":3,"column":0},"end":{"line":3,"column":31}},"1":{"start":{"line":4,"column":0},"end":{"line":4,"column":44}},"2":{"start":{"line":5,"column":0},"end":{"line":5,"column":38}},"3":{"start":{"line":6,"column":0},"end":{"line":6,"column":34}},"4":{"start":{"line":12,"column":42},"end":{"line":85,"column":1}},"5":{"start":{"line":16,"column":2},"end":{"line":84,"column":3}},"6":{"start":{"line":17,"column":26},"end":{"line":17,"column":38}},"7":{"start":{"line":18,"column":19},"end":{"line":18,"column":44}},"8":{"start":{"line":19,"column":24},"end":{"line":19,"column":54}},"9":{"start":{"line":21,"column":4},"end":{"line":24,"column":5}},"10":{"start":{"line":22,"column":6},"end":{"line":22,"column":73}},"11":{"start":{"line":23,"column":6},"end":{"line":23,"column":13}},"12":{"start":{"line":26,"column":4},"end":{"line":32,"column":5}},"13":{"start":{"line":27,"column":6},"end":{"line":30,"column":9}},"14":{"start":{"line":31,"column":6},"end":{"line":31,"column":13}},"15":{"start":{"line":35,"column":17},"end":{"line":35,"column":44}},"16":{"start":{"line":36,"column":4},"end":{"line":42,"column":5}},"17":{"start":{"line":37,"column":6},"end":{"line":40,"column":9}},"18":{"start":{"line":41,"column":6},"end":{"line":41,"column":13}},"19":{"start":{"line":44,"column":21},"end":{"line":71,"column":6}},"20":{"start":{"line":73,"column":4},"end":{"line":76,"column":7}},"21":{"start":{"line":78,"column":4},"end":{"line":78,"column":54}},"22":{"start":{"line":79,"column":4},"end":{"line":83,"column":7}},"23":{"start":{"line":12,"column":13},"end":{"line":12,"column":42}},"24":{"start":{"line":91,"column":27},"end":{"line":155,"column":1}},"25":{"start":{"line":95,"column":2},"end":{"line":154,"column":3}},"26":{"start":{"line":96,"column":26},"end":{"line":96,"column":38}},"27":{"start":{"line":97,"column":44},"end":{"line":97,"column":null}},"28":{"start":{"line":103,"column":4},"end":{"line":106,"column":5}},"29":{"start":{"line":104,"column":6},"end":{"line":104,"column":73}},"30":{"start":{"line":105,"column":6},"end":{"line":105,"column":13}},"31":{"start":{"line":108,"column":4},"end":{"line":114,"column":5}},"32":{"start":{"line":109,"column":6},"end":{"line":112,"column":9}},"33":{"start":{"line":113,"column":6},"end":{"line":113,"column":13}},"34":{"start":{"line":116,"column":17},"end":{"line":116,"column":44}},"35":{"start":{"line":117,"column":4},"end":{"line":123,"column":5}},"36":{"start":{"line":118,"column":6},"end":{"line":121,"column":9}},"37":{"start":{"line":122,"column":6},"end":{"line":122,"column":13}},"38":{"start":{"line":125,"column":21},"end":{"line":125,"column":52}},"39":{"start":{"line":126,"column":4},"end":{"line":132,"column":5}},"40":{"start":{"line":127,"column":6},"end":{"line":130,"column":9}},"41":{"start":{"line":131,"column":6},"end":{"line":131,"column":13}},"42":{"start":{"line":134,"column":20},"end":{"line":140,"column":6}},"43":{"start":{"line":142,"column":4},"end":{"line":146,"column":7}},"44":{"start":{"line":148,"column":4},"end":{"line":148,"column":53}},"45":{"start":{"line":149,"column":4},"end":{"line":153,"column":7}},"46":{"start":{"line":91,"column":13},"end":{"line":91,"column":27}}},"fnMap":{"0":{"name":"(anonymous_1)","decl":{"start":{"line":12,"column":42},"end":{"line":12,"column":47}},"loc":{"start":{"line":15,"column":19},"end":{"line":85,"column":1}}},"1":{"name":"(anonymous_2)","decl":{"start":{"line":91,"column":27},"end":{"line":91,"column":32}},"loc":{"start":{"line":94,"column":19},"end":{"line":155,"column":1}}}},"branchMap":{"0":{"loc":{"start":{"line":21,"column":4},"end":{"line":24,"column":5}},"type":"if","locations":[{"start":{"line":21,"column":4},"end":{"line":24,"column":5}}]},"1":{"loc":{"start":{"line":26,"column":4},"end":{"line":32,"column":5}},"type":"if","locations":[{"start":{"line":26,"column":4},"end":{"line":32,"column":5}}]},"2":{"loc":{"start":{"line":26,"column":8},"end":{"line":26,"column":57}},"type":"binary-expr","locations":[{"start":{"line":26,"column":8},"end":{"line":26,"column":28}},{"start":{"line":26,"column":32},"end":{"line":26,"column":57}}]},"3":{"loc":{"start":{"line":36,"column":4},"end":{"line":42,"column":5}},"type":"if","locations":[{"start":{"line":36,"column":4},"end":{"line":42,"column":5}}]},"4":{"loc":{"start":{"line":103,"column":4},"end":{"line":106,"column":5}},"type":"if","locations":[{"start":{"line":103,"column":4},"end":{"line":106,"column":5}}]},"5":{"loc":{"start":{"line":108,"column":4},"end":{"line":114,"column":5}},"type":"if","locations":[{"start":{"line":108,"column":4},"end":{"line":114,"column":5}}]},"6":{"loc":{"start":{"line":108,"column":8},"end":{"line":108,"column":50}},"type":"binary-expr","locations":[{"start":{"line":108,"column":8},"end":{"line":108,"column":15}},{"start":{"line":108,"column":19},"end":{"line":108,"column":30}},{"start":{"line":108,"column":34},"end":{"line":108,"column":50}}]},"7":{"loc":{"start":{"line":117,"column":4},"end":{"line":123,"column":5}},"type":"if","locations":[{"start":{"line":117,"column":4},"end":{"line":123,"column":5}}]},"8":{"loc":{"start":{"line":126,"column":4},"end":{"line":132,"column":5}},"type":"if","locations":[{"start":{"line":126,"column":4},"end":{"line":132,"column":5}}]}},"s":{"0":1,"1":1,"2":1,"3":1,"4":1,"5":4,"6":4,"7":4,"8":4,"9":4,"10":1,"11":1,"12":3,"13":1,"14":1,"15":2,"16":2,"17":1,"18":1,"19":1,"20":1,"21":0,"22":0,"23":1,"24":1,"25":5,"26":5,"27":5,"28":5,"29":1,"30":1,"31":4,"32":1,"33":1,"34":3,"35":3,"36":1,"37":1,"38":2,"39":2,"40":1,"41":1,"42":1,"43":1,"44":0,"45":0,"46":1},"f":{"0":4,"1":5},"b":{"0":[1],"1":[1],"2":[3,2],"3":[1],"4":[1],"5":[1],"6":[4,4,3],"7":[1],"8":[1]}}
,"/home/mluisaprado/software-backend/src/controllers/reservationController.ts": {"path":"/home/mluisaprado/software-backend/src/controllers/reservationController.ts","statementMap":{"0":{"start":{"line":3,"column":0},"end":{"line":3,"column":31}},"1":{"start":{"line":5,"column":0},"end":{"line":5,"column":52}},"2":{"start":{"line":6,"column":0},"end":{"line":6,"column":38}},"3":{"start":{"line":7,"column":0},"end":{"line":7,"column":54}},"4":{"start":{"line":8,"column":0},"end":{"line":8,"column":34}},"5":{"start":{"line":14,"column":39},"end":{"line":79,"column":1}},"6":{"start":{"line":18,"column":2},"end":{"line":78,"column":3}},"7":{"start":{"line":19,"column":21},"end":{"line":19,"column":33}},"8":{"start":{"line":20,"column":19},"end":{"line":20,"column":40}},"9":{"start":{"line":22,"column":4},"end":{"line":25,"column":5}},"10":{"start":{"line":23,"column":6},"end":{"line":23,"column":73}},"11":{"start":{"line":24,"column":6},"end":{"line":24,"column":13}},"12":{"start":{"line":27,"column":4},"end":{"line":33,"column":5}},"13":{"start":{"line":28,"column":6},"end":{"line":31,"column":9}},"14":{"start":{"line":32,"column":6},"end":{"line":32,"column":13}},"15":{"start":{"line":35,"column":23},"end":{"line":35,"column":50}},"16":{"start":{"line":37,"column":4},"end":{"line":43,"column":5}},"17":{"start":{"line":38,"column":6},"end":{"line":41,"column":9}},"18":{"start":{"line":42,"column":6},"end":{"line":42,"column":13}},"19":{"start":{"line":45,"column":17},"end":{"line":45,"column":34}},"20":{"start":{"line":47,"column":4},"end":{"line":53,"column":5}},"21":{"start":{"line":48,"column":6},"end":{"line":51,"column":9}},"22":{"start":{"line":52,"column":6},"end":{"line":52,"column":13}},"23":{"start":{"line":55,"column":25},"end":{"line":65,"column":6}},"24":{"start":{"line":67,"column":4},"end":{"line":70,"column":7}},"25":{"start":{"line":72,"column":4},"end":{"line":72,"column":54}},"26":{"start":{"line":73,"column":4},"end":{"line":77,"column":7}},"27":{"start":{"line":14,"column":13},"end":{"line":14,"column":39}},"28":{"start":{"line":85,"column":33},"end":{"line":186,"column":1}},"29":{"start":{"line":89,"column":2},"end":{"line":185,"column":3}},"30":{"start":{"line":90,"column":21},"end":{"line":90,"column":33}},"31":{"start":{"line":91,"column":26},"end":{"line":91,"column":47}},"32":{"start":{"line":93,"column":4},"end":{"line":96,"column":5}},"33":{"start":{"line":94,"column":6},"end":{"line":94,"column":73}},"34":{"start":{"line":95,"column":6},"end":{"line":95,"column":13}},"35":{"start":{"line":98,"column":4},"end":{"line":104,"column":5}},"36":{"start":{"line":99,"column":6},"end":{"line":102,"column":9}},"37":{"start":{"line":103,"column":6},"end":{"line":103,"column":13}},"38":{"start":{"line":106,"column":30},"end":{"line":108,"column":6}},"39":{"start":{"line":110,"column":4},"end":{"line":116,"column":5}},"40":{"start":{"line":111,"column":6},"end":{"line":114,"column":9}},"41":{"start":{"line":115,"column":6},"end":{"line":115,"column":13}},"42":{"start":{"line":118,"column":24},"end":{"line":118,"column":48}},"43":{"start":{"line":120,"column":4},"end":{"line":126,"column":5}},"44":{"start":{"line":121,"column":6},"end":{"line":124,"column":9}},"45":{"start":{"line":125,"column":6},"end":{"line":125,"column":13}},"46":{"start":{"line":128,"column":17},"end":{"line":128,"column":40}},"47":{"start":{"line":130,"column":4},"end":{"line":136,"column":5}},"48":{"start":{"line":131,"column":6},"end":{"line":134,"column":9}},"49":{"start":{"line":135,"column":6},"end":{"line":135,"column":13}},"50":{"start":{"line":138,"column":4},"end":{"line":144,"column":5}},"51":{"start":{"line":139,"column":6},"end":{"line":142,"column":9}},"52":{"start":{"line":143,"column":6},"end":{"line":143,"column":13}},"53":{"start":{"line":146,"column":16},"end":{"line":146,"column":26}},"54":{"start":{"line":147,"column":4},"end":{"line":153,"column":5}},"55":{"start":{"line":148,"column":6},"end":{"line":151,"column":9}},"56":{"start":{"line":152,"column":6},"end":{"line":152,"column":13}},"57":{"start":{"line":155,"column":4},"end":{"line":161,"column":5}},"58":{"start":{"line":156,"column":6},"end":{"line":159,"column":9}},"59":{"start":{"line":160,"column":6},"end":{"line":160,"column":13}},"60":{"start":{"line":164,"column":4},"end":{"line":164,"column":37}},"61":{"start":{"line":165,"column":4},"end":{"line":165,"column":29}},"62":{"start":{"line":168,"column":4},"end":{"line":168,"column":30}},"63":{"start":{"line":169,"column":4},"end":{"line":171,"column":5}},"64":{"start":{"line":170,"column":6},"end":{"line":170,"column":27}},"65":{"start":{"line":172,"column":4},"end":{"line":172,"column":22}},"66":{"start":{"line":174,"column":4},"end":{"line":177,"column":7}},"67":{"start":{"line":179,"column":4},"end":{"line":179,"column":54}},"68":{"start":{"line":180,"column":4},"end":{"line":184,"column":7}},"69":{"start":{"line":85,"column":13},"end":{"line":85,"column":33}},"70":{"start":{"line":192,"column":33},"end":{"line":269,"column":1}},"71":{"start":{"line":196,"column":2},"end":{"line":268,"column":3}},"72":{"start":{"line":197,"column":21},"end":{"line":197,"column":33}},"73":{"start":{"line":198,"column":26},"end":{"line":198,"column":47}},"74":{"start":{"line":200,"column":4},"end":{"line":203,"column":5}},"75":{"start":{"line":201,"column":6},"end":{"line":201,"column":73}},"76":{"start":{"line":202,"column":6},"end":{"line":202,"column":13}},"77":{"start":{"line":205,"column":4},"end":{"line":211,"column":5}},"78":{"start":{"line":206,"column":6},"end":{"line":209,"column":9}},"79":{"start":{"line":210,"column":6},"end":{"line":210,"column":13}},"80":{"start":{"line":213,"column":30},"end":{"line":215,"column":6}},"81":{"start":{"line":217,"column":4},"end":{"line":223,"column":5}},"82":{"start":{"line":218,"column":6},"end":{"line":221,"column":9}},"83":{"start":{"line":222,"column":6},"end":{"line":222,"column":13}},"84":{"start":{"line":225,"column":24},"end":{"line":225,"column":48}},"85":{"start":{"line":227,"column":4},"end":{"line":233,"column":5}},"86":{"start":{"line":228,"column":6},"end":{"line":231,"column":9}},"87":{"start":{"line":232,"column":6},"end":{"line":232,"column":13}},"88":{"start":{"line":235,"column":17},"end":{"line":235,"column":40}},"89":{"start":{"line":237,"column":4},"end":{"line":243,"column":5}},"90":{"start":{"line":238,"column":6},"end":{"line":241,"column":9}},"91":{"start":{"line":242,"column":6},"end":{"line":242,"column":13}},"92":{"start":{"line":245,"column":4},"end":{"line":251,"column":5}},"93":{"start":{"line":246,"column":6},"end":{"line":249,"column":9}},"94":{"start":{"line":250,"column":6},"end":{"line":250,"column":13}},"95":{"start":{"line":254,"column":4},"end":{"line":254,"column":36}},"96":{"start":{"line":255,"column":4},"end":{"line":255,"column":29}},"97":{"start":{"line":257,"column":4},"end":{"line":260,"column":7}},"98":{"start":{"line":262,"column":4},"end":{"line":262,"column":55}},"99":{"start":{"line":263,"column":4},"end":{"line":267,"column":7}},"100":{"start":{"line":192,"column":13},"end":{"line":192,"column":33}},"101":{"start":{"line":277,"column":35},"end":{"line":389,"column":1}},"102":{"start":{"line":281,"column":2},"end":{"line":388,"column":3}},"103":{"start":{"line":282,"column":19},"end":{"line":282,"column":31}},"104":{"start":{"line":284,"column":4},"end":{"line":287,"column":5}},"105":{"start":{"line":285,"column":6},"end":{"line":285,"column":73}},"106":{"start":{"line":286,"column":6},"end":{"line":286,"column":13}},"107":{"start":{"line":289,"column":16},"end":{"line":289,"column":26}},"108":{"start":{"line":292,"column":36},"end":{"line":315,"column":6}},"109":{"start":{"line":318,"column":33},"end":{"line":341,"column":6}},"110":{"start":{"line":345,"column":25},"end":{"line":350,"column":7}},"111":{"start":{"line":345,"column":71},"end":{"line":350,"column":6}},"112":{"start":{"line":354,"column":26},"end":{"line":354,"column":48}},"113":{"start":{"line":356,"column":5},"end":{"line":366,"column":7}},"114":{"start":{"line":357,"column":16},"end":{"line":357,"column":22}},"115":{"start":{"line":358,"column":6},"end":{"line":365,"column":7}},"116":{"start":{"line":359,"column":8},"end":{"line":364,"column":11}},"117":{"start":{"line":368,"column":21},"end":{"line":368,"column":55}},"118":{"start":{"line":371,"column":16},"end":{"line":374,"column":null}},"119":{"start":{"line":373,"column":8},"end":{"line":374,"column":49}},"120":{"start":{"line":377,"column":4},"end":{"line":380,"column":7}},"121":{"start":{"line":382,"column":4},"end":{"line":382,"column":61}},"122":{"start":{"line":383,"column":4},"end":{"line":387,"column":7}},"123":{"start":{"line":277,"column":13},"end":{"line":277,"column":35}},"124":{"start":{"line":395,"column":31},"end":{"line":514,"column":1}},"125":{"start":{"line":399,"column":2},"end":{"line":513,"column":3}},"126":{"start":{"line":400,"column":19},"end":{"line":400,"column":31}},"127":{"start":{"line":401,"column":26},"end":{"line":401,"column":47}},"128":{"start":{"line":402,"column":32},"end":{"line":402,"column":40}},"129":{"start":{"line":405,"column":4},"end":{"line":408,"column":5}},"130":{"start":{"line":406,"column":6},"end":{"line":406,"column":73}},"131":{"start":{"line":407,"column":6},"end":{"line":407,"column":13}},"132":{"start":{"line":411,"column":4},"end":{"line":417,"column":5}},"133":{"start":{"line":412,"column":6},"end":{"line":415,"column":9}},"134":{"start":{"line":416,"column":6},"end":{"line":416,"column":13}},"135":{"start":{"line":420,"column":4},"end":{"line":426,"column":5}},"136":{"start":{"line":421,"column":6},"end":{"line":424,"column":9}},"137":{"start":{"line":425,"column":6},"end":{"line":425,"column":13}},"138":{"start":{"line":429,"column":30},"end":{"line":431,"column":6}},"139":{"start":{"line":433,"column":4},"end":{"line":439,"column":5}},"140":{"start":{"line":434,"column":6},"end":{"line":437,"column":9}},"141":{"start":{"line":438,"column":6},"end":{"line":438,"column":13}},"142":{"start":{"line":441,"column":24},"end":{"line":441,"column":48}},"143":{"start":{"line":443,"column":4},"end":{"line":449,"column":5}},"144":{"start":{"line":444,"column":6},"end":{"line":447,"column":9}},"145":{"start":{"line":448,"column":6},"end":{"line":448,"column":13}},"146":{"start":{"line":451,"column":17},"end":{"line":451,"column":40}},"147":{"start":{"line":454,"column":4},"end":{"line":460,"column":5}},"148":{"start":{"line":455,"column":6},"end":{"line":458,"column":9}},"149":{"start":{"line":459,"column":6},"end":{"line":459,"column":13}},"150":{"start":{"line":463,"column":16},"end":{"line":463,"column":26}},"151":{"start":{"line":464,"column":4},"end":{"line":470,"column":5}},"152":{"start":{"line":465,"column":6},"end":{"line":468,"column":9}},"153":{"start":{"line":469,"column":6},"end":{"line":469,"column":13}},"154":{"start":{"line":474,"column":21},"end":{"line":479,"column":6}},"155":{"start":{"line":481,"column":4},"end":{"line":487,"column":5}},"156":{"start":{"line":482,"column":6},"end":{"line":485,"column":9}},"157":{"start":{"line":486,"column":6},"end":{"line":486,"column":13}},"158":{"start":{"line":494,"column":4},"end":{"line":500,"column":7}},"159":{"start":{"line":502,"column":4},"end":{"line":505,"column":7}},"160":{"start":{"line":507,"column":4},"end":{"line":507,"column":54}},"161":{"start":{"line":508,"column":4},"end":{"line":512,"column":7}},"162":{"start":{"line":395,"column":13},"end":{"line":395,"column":31}},"163":{"start":{"line":516,"column":31},"end":{"line":569,"column":1}},"164":{"start":{"line":517,"column":2},"end":{"line":568,"column":3}},"165":{"start":{"line":518,"column":19},"end":{"line":518,"column":31}},"166":{"start":{"line":519,"column":4},"end":{"line":520,"column":80}},"167":{"start":{"line":520,"column":6},"end":{"line":520,"column":80}},"168":{"start":{"line":522,"column":16},"end":{"line":522,"column":26}},"169":{"start":{"line":525,"column":24},"end":{"line":539,"column":6}},"170":{"start":{"line":542,"column":21},"end":{"line":557,"column":6}},"171":{"start":{"line":559,"column":4},"end":{"line":562,"column":7}},"172":{"start":{"line":564,"column":4},"end":{"line":564,"column":51}},"173":{"start":{"line":565,"column":4},"end":{"line":567,"column":71}},"174":{"start":{"line":516,"column":13},"end":{"line":516,"column":31}}},"fnMap":{"0":{"name":"(anonymous_1)","decl":{"start":{"line":14,"column":39},"end":{"line":14,"column":44}},"loc":{"start":{"line":17,"column":19},"end":{"line":79,"column":1}}},"1":{"name":"(anonymous_2)","decl":{"start":{"line":85,"column":33},"end":{"line":85,"column":38}},"loc":{"start":{"line":88,"column":19},"end":{"line":186,"column":1}}},"2":{"name":"(anonymous_3)","decl":{"start":{"line":192,"column":33},"end":{"line":192,"column":38}},"loc":{"start":{"line":195,"column":19},"end":{"line":269,"column":1}}},"3":{"name":"(anonymous_4)","decl":{"start":{"line":277,"column":35},"end":{"line":277,"column":40}},"loc":{"start":{"line":280,"column":19},"end":{"line":389,"column":1}}},"4":{"name":"(anonymous_5)","decl":{"start":{"line":345,"column":63},"end":{"line":345,"column":64}},"loc":{"start":{"line":345,"column":71},"end":{"line":350,"column":6}}},"5":{"name":"(anonymous_6)","decl":{"start":{"line":356,"column":44},"end":{"line":356,"column":45}},"loc":{"start":{"line":356,"column":50},"end":{"line":366,"column":5}}},"6":{"name":"(anonymous_7)","decl":{"start":{"line":372,"column":6},"end":{"line":372,"column":7}},"loc":{"start":{"line":373,"column":8},"end":{"line":374,"column":49}}},"7":{"name":"(anonymous_8)","decl":{"start":{"line":395,"column":31},"end":{"line":395,"column":36}},"loc":{"start":{"line":398,"column":19},"end":{"line":514,"column":1}}},"8":{"name":"(anonymous_9)","decl":{"start":{"line":516,"column":31},"end":{"line":516,"column":36}},"loc":{"start":{"line":516,"column":69},"end":{"line":569,"column":1}}}},"branchMap":{"0":{"loc":{"start":{"line":22,"column":4},"end":{"line":25,"column":5}},"type":"if","locations":[{"start":{"line":22,"column":4},"end":{"line":25,"column":5}}]},"1":{"loc":{"start":{"line":27,"column":4},"end":{"line":33,"column":5}},"type":"if","locations":[{"start":{"line":27,"column":4},"end":{"line":33,"column":5}}]},"2":{"loc":{"start":{"line":37,"column":4},"end":{"line":43,"column":5}},"type":"if","locations":[{"start":{"line":37,"column":4},"end":{"line":43,"column":5}}]},"3":{"loc":{"start":{"line":47,"column":4},"end":{"line":53,"column":5}},"type":"if","locations":[{"start":{"line":47,"column":4},"end":{"line":53,"column":5}}]},"4":{"loc":{"start":{"line":93,"column":4},"end":{"line":96,"column":5}},"type":"if","locations":[{"start":{"line":93,"column":4},"end":{"line":96,"column":5}}]},"5":{"loc":{"start":{"line":98,"column":4},"end":{"line":104,"column":5}},"type":"if","locations":[{"start":{"line":98,"column":4},"end":{"line":104,"column":5}}]},"6":{"loc":{"start":{"line":110,"column":4},"end":{"line":116,"column":5}},"type":"if","locations":[{"start":{"line":110,"column":4},"end":{"line":116,"column":5}}]},"7":{"loc":{"start":{"line":120,"column":4},"end":{"line":126,"column":5}},"type":"if","locations":[{"start":{"line":120,"column":4},"end":{"line":126,"column":5}}]},"8":{"loc":{"start":{"line":130,"column":4},"end":{"line":136,"column":5}},"type":"if","locations":[{"start":{"line":130,"column":4},"end":{"line":136,"column":5}}]},"9":{"loc":{"start":{"line":138,"column":4},"end":{"line":144,"column":5}},"type":"if","locations":[{"start":{"line":138,"column":4},"end":{"line":144,"column":5}}]},"10":{"loc":{"start":{"line":147,"column":4},"end":{"line":153,"column":5}},"type":"if","locations":[{"start":{"line":147,"column":4},"end":{"line":153,"column":5}}]},"11":{"loc":{"start":{"line":155,"column":4},"end":{"line":161,"column":5}},"type":"if","locations":[{"start":{"line":155,"column":4},"end":{"line":161,"column":5}}]},"12":{"loc":{"start":{"line":169,"column":4},"end":{"line":171,"column":5}},"type":"if","locations":[{"start":{"line":169,"column":4},"end":{"line":171,"column":5}}]},"13":{"loc":{"start":{"line":200,"column":4},"end":{"line":203,"column":5}},"type":"if","locations":[{"start":{"line":200,"column":4},"end":{"line":203,"column":5}}]},"14":{"loc":{"start":{"line":205,"column":4},"end":{"line":211,"column":5}},"type":"if","locations":[{"start":{"line":205,"column":4},"end":{"line":211,"column":5}}]},"15":{"loc":{"start":{"line":217,"column":4},"end":{"line":223,"column":5}},"type":"if","locations":[{"start":{"line":217,"column":4},"end":{"line":223,"column":5}}]},"16":{"loc":{"start":{"line":227,"column":4},"end":{"line":233,"column":5}},"type":"if","locations":[{"start":{"line":227,"column":4},"end":{"line":233,"column":5}}]},"17":{"loc":{"start":{"line":237,"column":4},"end":{"line":243,"column":5}},"type":"if","locations":[{"start":{"line":237,"column":4},"end":{"line":243,"column":5}}]},"18":{"loc":{"start":{"line":245,"column":4},"end":{"line":251,"column":5}},"type":"if","locations":[{"start":{"line":245,"column":4},"end":{"line":251,"column":5}}]},"19":{"loc":{"start":{"line":284,"column":4},"end":{"line":287,"column":5}},"type":"if","locations":[{"start":{"line":284,"column":4},"end":{"line":287,"column":5}}]},"20":{"loc":{"start":{"line":358,"column":6},"end":{"line":365,"column":7}},"type":"if","locations":[{"start":{"line":358,"column":6},"end":{"line":365,"column":7}}]},"21":{"loc":{"start":{"line":358,"column":10},"end":{"line":358,"column":39}},"type":"binary-expr","locations":[{"start":{"line":358,"column":10},"end":{"line":358,"column":11}},{"start":{"line":358,"column":15},"end":{"line":358,"column":39}}]},"22":{"loc":{"start":{"line":405,"column":4},"end":{"line":408,"column":5}},"type":"if","locations":[{"start":{"line":405,"column":4},"end":{"line":408,"column":5}}]},"23":{"loc":{"start":{"line":411,"column":4},"end":{"line":417,"column":5}},"type":"if","locations":[{"start":{"line":411,"column":4},"end":{"line":417,"column":5}}]},"24":{"loc":{"start":{"line":420,"column":4},"end":{"line":426,"column":5}},"type":"if","locations":[{"start":{"line":420,"column":4},"end":{"line":426,"column":5}}]},"25":{"loc":{"start":{"line":420,"column":8},"end":{"line":420,"column":43}},"type":"binary-expr","locations":[{"start":{"line":420,"column":8},"end":{"line":420,"column":15}},{"start":{"line":420,"column":19},"end":{"line":420,"column":29}},{"start":{"line":420,"column":33},"end":{"line":420,"column":43}}]},"26":{"loc":{"start":{"line":433,"column":4},"end":{"line":439,"column":5}},"type":"if","locations":[{"start":{"line":433,"column":4},"end":{"line":439,"column":5}}]},"27":{"loc":{"start":{"line":443,"column":4},"end":{"line":449,"column":5}},"type":"if","locations":[{"start":{"line":443,"column":4},"end":{"line":449,"column":5}}]},"28":{"loc":{"start":{"line":454,"column":4},"end":{"line":460,"column":5}},"type":"if","locations":[{"start":{"line":454,"column":4},"end":{"line":460,"column":5}}]},"29":{"loc":{"start":{"line":464,"column":4},"end":{"line":470,"column":5}},"type":"if","locations":[{"start":{"line":464,"column":4},"end":{"line":470,"column":5}}]},"30":{"loc":{"start":{"line":481,"column":4},"end":{"line":487,"column":5}},"type":"if","locations":[{"start":{"line":481,"column":4},"end":{"line":487,"column":5}}]},"31":{"loc":{"start":{"line":519,"column":4},"end":{"line":520,"column":80}},"type":"if","locations":[{"start":{"line":519,"column":4},"end":{"line":520,"column":80}}]}},"s":{"0":1,"1":1,"2":1,"3":1,"4":1,"5":1,"6":5,"7":5,"8":5,"9":5,"10":1,"11":1,"12":4,"13":1,"14":1,"15":3,"16":3,"17":1,"18":1,"19":2,"20":2,"21":1,"22":1,"23":1,"24":1,"25":0,"26":0,"27":1,"28":1,"29":3,"30":3,"31":3,"32":3,"33":1,"34":1,"35":2,"36":0,"37":0,"38":2,"39":2,"40":1,"41":1,"42":1,"43":1,"44":0,"45":0,"46":1,"47":1,"48":0,"49":0,"50":1,"51":1,"52":1,"53":0,"54":0,"55":0,"56":0,"57":0,"58":0,"59":0,"60":0,"61":0,"62":0,"63":0,"64":0,"65":0,"66":0,"67":0,"68":0,"69":1,"70":1,"71":2,"72":2,"73":2,"74":2,"75":1,"76":1,"77":1,"78":0,"79":0,"80":1,"81":1,"82":1,"83":1,"84":0,"85":0,"86":0,"87":0,"88":0,"89":0,"90":0,"91":0,"92":0,"93":0,"94":0,"95":0,"96":0,"97":0,"98":0,"99":0,"100":1,"101":1,"102":2,"103":2,"104":2,"105":1,"106":1,"107":1,"108":1,"109":1,"110":1,"111":0,"112":1,"113":1,"114":0,"115":0,"116":0,"117":1,"118":1,"119":0,"120":1,"121":0,"122":0,"123":1,"124":1,"125":0,"126":0,"127":0,"128":0,"129":0,"130":0,"131":0,"132":0,"133":0,"134":0,"135":0,"136":0,"137":0,"138":0,"139":0,"140":0,"141":0,"142":0,"143":0,"144":0,"145":0,"146":0,"147":0,"148":0,"149":0,"150":0,"151":0,"152":0,"153":0,"154":0,"155":0,"156":0,"157":0,"158":0,"159":0,"160":0,"161":0,"162":1,"163":1,"164":0,"165":0,"166":0,"167":0,"168":0,"169":0,"170":0,"171":0,"172":0,"173":0,"174":1},"f":{"0":5,"1":3,"2":2,"3":2,"4":0,"5":0,"6":0,"7":0,"8":0},"b":{"0":[1],"1":[1],"2":[1],"3":[1],"4":[1],"5":[0],"6":[1],"7":[0],"8":[0],"9":[1],"10":[0],"11":[0],"12":[0],"13":[1],"14":[0],"15":[1],"16":[0],"17":[0],"18":[0],"19":[1],"20":[0],"21":[0,0],"22":[0],"23":[0],"24":[0],"25":[0,0,0],"26":[0],"27":[0],"28":[0],"29":[0],"30":[0],"31":[0]}}
,"/home/mluisaprado/software-backend/src/controllers/tripController.ts": {"path":"/home/mluisaprado/software-backend/src/controllers/tripController.ts","statementMap":{"0":{"start":{"line":3,"column":0},"end":{"line":3,"column":45}},"1":{"start":{"line":4,"column":0},"end":{"line":4,"column":38}},"2":{"start":{"line":5,"column":0},"end":{"line":5,"column":48}},"3":{"start":{"line":17,"column":26},"end":{"line":148,"column":1}},"4":{"start":{"line":18,"column":2},"end":{"line":147,"column":3}},"5":{"start":{"line":19,"column":19},"end":{"line":19,"column":31}},"6":{"start":{"line":21,"column":4},"end":{"line":27,"column":5}},"7":{"start":{"line":22,"column":6},"end":{"line":25,"column":9}},"8":{"start":{"line":26,"column":6},"end":{"line":26,"column":13}},"9":{"start":{"line":37,"column":8},"end":{"line":37,"column":34}},"10":{"start":{"line":39,"column":4},"end":{"line":45,"column":5}},"11":{"start":{"line":40,"column":6},"end":{"line":43,"column":9}},"12":{"start":{"line":44,"column":6},"end":{"line":44,"column":13}},"13":{"start":{"line":46,"column":28},"end":{"line":52,"column":5}},"14":{"start":{"line":47,"column":6},"end":{"line":47,"column":29}},"15":{"start":{"line":47,"column":16},"end":{"line":47,"column":29}},"16":{"start":{"line":48,"column":22},"end":{"line":48,"column":32}},"17":{"start":{"line":49,"column":6},"end":{"line":49,"column":43}},"18":{"start":{"line":49,"column":30},"end":{"line":49,"column":43}},"19":{"start":{"line":50,"column":6},"end":{"line":50,"column":47}},"20":{"start":{"line":50,"column":34},"end":{"line":50,"column":47}},"21":{"start":{"line":51,"column":6},"end":{"line":51,"column":18}},"22":{"start":{"line":54,"column":4},"end":{"line":61,"column":5}},"23":{"start":{"line":55,"column":6},"end":{"line":59,"column":9}},"24":{"start":{"line":60,"column":6},"end":{"line":60,"column":13}},"25":{"start":{"line":63,"column":4},"end":{"line":70,"column":5}},"26":{"start":{"line":64,"column":6},"end":{"line":68,"column":9}},"27":{"start":{"line":69,"column":6},"end":{"line":69,"column":13}},"28":{"start":{"line":72,"column":4},"end":{"line":79,"column":5}},"29":{"start":{"line":73,"column":6},"end":{"line":77,"column":9}},"30":{"start":{"line":78,"column":6},"end":{"line":78,"column":13}},"31":{"start":{"line":81,"column":4},"end":{"line":87,"column":5}},"32":{"start":{"line":82,"column":6},"end":{"line":85,"column":9}},"33":{"start":{"line":86,"column":6},"end":{"line":86,"column":13}},"34":{"start":{"line":89,"column":4},"end":{"line":95,"column":5}},"35":{"start":{"line":90,"column":6},"end":{"line":93,"column":9}},"36":{"start":{"line":94,"column":6},"end":{"line":94,"column":13}},"37":{"start":{"line":97,"column":27},"end":{"line":97,"column":57}},"38":{"start":{"line":99,"column":4},"end":{"line":105,"column":5}},"39":{"start":{"line":100,"column":6},"end":{"line":103,"column":9}},"40":{"start":{"line":104,"column":6},"end":{"line":104,"column":13}},"41":{"start":{"line":107,"column":28},"end":{"line":107,"column":52}},"42":{"start":{"line":108,"column":4},"end":{"line":114,"column":5}},"43":{"start":{"line":109,"column":6},"end":{"line":112,"column":9}},"44":{"start":{"line":113,"column":6},"end":{"line":113,"column":13}},"45":{"start":{"line":116,"column":16},"end":{"line":116,"column":26}},"46":{"start":{"line":117,"column":4},"end":{"line":123,"column":5}},"47":{"start":{"line":118,"column":6},"end":{"line":121,"column":9}},"48":{"start":{"line":122,"column":6},"end":{"line":122,"column":13}},"49":{"start":{"line":125,"column":17},"end":{"line":134,"column":6}},"50":{"start":{"line":135,"column":4},"end":{"line":139,"column":7}},"51":{"start":{"line":141,"column":4},"end":{"line":141,"column":50}},"52":{"start":{"line":142,"column":4},"end":{"line":146,"column":7}},"53":{"start":{"line":17,"column":13},"end":{"line":17,"column":26}},"54":{"start":{"line":150,"column":25},"end":{"line":219,"column":1}},"55":{"start":{"line":151,"column":2},"end":{"line":218,"column":3}},"56":{"start":{"line":152,"column":50},"end":{"line":152,"column":null}},"57":{"start":{"line":159,"column":32},"end":{"line":159,"column":34}},"58":{"start":{"line":161,"column":4},"end":{"line":163,"column":5}},"59":{"start":{"line":162,"column":6},"end":{"line":162,"column":51}},"60":{"start":{"line":165,"column":4},"end":{"line":167,"column":5}},"61":{"start":{"line":166,"column":6},"end":{"line":166,"column":61}},"62":{"start":{"line":169,"column":4},"end":{"line":173,"column":5}},"63":{"start":{"line":170,"column":6},"end":{"line":170,"column":28}},"64":{"start":{"line":172,"column":6},"end":{"line":172,"column":33}},"65":{"start":{"line":176,"column":4},"end":{"line":194,"column":5}},"66":{"start":{"line":178,"column":24},"end":{"line":178,"column":51}},"67":{"start":{"line":180,"column":6},"end":{"line":186,"column":7}},"68":{"start":{"line":181,"column":8},"end":{"line":184,"column":11}},"69":{"start":{"line":185,"column":8},"end":{"line":185,"column":15}},"70":{"start":{"line":188,"column":25},"end":{"line":188,"column":65}},"71":{"start":{"line":189,"column":23},"end":{"line":189,"column":71}},"72":{"start":{"line":191,"column":6},"end":{"line":193,"column":8}},"73":{"start":{"line":196,"column":18},"end":{"line":205,"column":6}},"74":{"start":{"line":207,"column":4},"end":{"line":210,"column":7}},"75":{"start":{"line":212,"column":4},"end":{"line":212,"column":52}},"76":{"start":{"line":213,"column":4},"end":{"line":217,"column":7}},"77":{"start":{"line":150,"column":13},"end":{"line":150,"column":25}},"78":{"start":{"line":222,"column":27},"end":{"line":265,"column":1}},"79":{"start":{"line":223,"column":2},"end":{"line":264,"column":3}},"80":{"start":{"line":224,"column":19},"end":{"line":224,"column":31}},"81":{"start":{"line":226,"column":4},"end":{"line":232,"column":5}},"82":{"start":{"line":227,"column":6},"end":{"line":230,"column":9}},"83":{"start":{"line":231,"column":6},"end":{"line":231,"column":13}},"84":{"start":{"line":234,"column":23},"end":{"line":234,"column":55}},"85":{"start":{"line":236,"column":32},"end":{"line":236,"column":51}},"86":{"start":{"line":238,"column":4},"end":{"line":240,"column":5}},"87":{"start":{"line":239,"column":6},"end":{"line":239,"column":28}},"88":{"start":{"line":242,"column":18},"end":{"line":251,"column":6}},"89":{"start":{"line":253,"column":4},"end":{"line":256,"column":7}},"90":{"start":{"line":258,"column":4},"end":{"line":258,"column":56}},"91":{"start":{"line":259,"column":4},"end":{"line":263,"column":7}},"92":{"start":{"line":222,"column":13},"end":{"line":222,"column":27}},"93":{"start":{"line":267,"column":27},"end":{"line":342,"column":1}},"94":{"start":{"line":268,"column":2},"end":{"line":341,"column":3}},"95":{"start":{"line":269,"column":19},"end":{"line":269,"column":31}},"96":{"start":{"line":270,"column":19},"end":{"line":270,"column":32}},"97":{"start":{"line":272,"column":4},"end":{"line":278,"column":5}},"98":{"start":{"line":273,"column":6},"end":{"line":276,"column":9}},"99":{"start":{"line":277,"column":6},"end":{"line":277,"column":13}},"100":{"start":{"line":280,"column":17},"end":{"line":280,"column":44}},"101":{"start":{"line":282,"column":4},"end":{"line":288,"column":5}},"102":{"start":{"line":283,"column":6},"end":{"line":286,"column":9}},"103":{"start":{"line":287,"column":6},"end":{"line":287,"column":13}},"104":{"start":{"line":291,"column":4},"end":{"line":297,"column":5}},"105":{"start":{"line":292,"column":6},"end":{"line":295,"column":9}},"106":{"start":{"line":296,"column":6},"end":{"line":296,"column":13}},"107":{"start":{"line":300,"column":4},"end":{"line":306,"column":5}},"108":{"start":{"line":301,"column":6},"end":{"line":304,"column":9}},"109":{"start":{"line":305,"column":6},"end":{"line":305,"column":13}},"110":{"start":{"line":308,"column":32},"end":{"line":313,"column":6}},"111":{"start":{"line":315,"column":4},"end":{"line":321,"column":5}},"112":{"start":{"line":316,"column":6},"end":{"line":319,"column":9}},"113":{"start":{"line":320,"column":6},"end":{"line":320,"column":13}},"114":{"start":{"line":323,"column":24},"end":{"line":327,"column":6}},"115":{"start":{"line":329,"column":4},"end":{"line":333,"column":7}},"116":{"start":{"line":335,"column":4},"end":{"line":335,"column":53}},"117":{"start":{"line":336,"column":4},"end":{"line":340,"column":7}},"118":{"start":{"line":267,"column":13},"end":{"line":267,"column":27}}},"fnMap":{"0":{"name":"(anonymous_1)","decl":{"start":{"line":17,"column":26},"end":{"line":17,"column":31}},"loc":{"start":{"line":17,"column":79},"end":{"line":148,"column":1}}},"1":{"name":"(anonymous_2)","decl":{"start":{"line":46,"column":28},"end":{"line":46,"column":29}},"loc":{"start":{"line":46,"column":44},"end":{"line":52,"column":5}}},"2":{"name":"(anonymous_3)","decl":{"start":{"line":150,"column":25},"end":{"line":150,"column":30}},"loc":{"start":{"line":150,"column":78},"end":{"line":219,"column":1}}},"3":{"name":"(anonymous_4)","decl":{"start":{"line":222,"column":27},"end":{"line":222,"column":32}},"loc":{"start":{"line":222,"column":80},"end":{"line":265,"column":1}}},"4":{"name":"(anonymous_5)","decl":{"start":{"line":267,"column":27},"end":{"line":267,"column":32}},"loc":{"start":{"line":267,"column":80},"end":{"line":342,"column":1}}}},"branchMap":{"0":{"loc":{"start":{"line":21,"column":4},"end":{"line":27,"column":5}},"type":"if","locations":[{"start":{"line":21,"column":4},"end":{"line":27,"column":5}}]},"1":{"loc":{"start":{"line":39,"column":4},"end":{"line":45,"column":5}},"type":"if","locations":[{"start":{"line":39,"column":4},"end":{"line":45,"column":5}}]},"2":{"loc":{"start":{"line":39,"column":8},"end":{"line":39,"column":85}},"type":"binary-expr","locations":[{"start":{"line":39,"column":8},"end":{"line":39,"column":15}},{"start":{"line":39,"column":19},"end":{"line":39,"column":31}},{"start":{"line":39,"column":35},"end":{"line":39,"column":50}},{"start":{"line":39,"column":54},"end":{"line":39,"column":69}},{"start":{"line":39,"column":73},"end":{"line":39,"column":85}}]},"3":{"loc":{"start":{"line":47,"column":6},"end":{"line":47,"column":29}},"type":"if","locations":[{"start":{"line":47,"column":6},"end":{"line":47,"column":29}}]},"4":{"loc":{"start":{"line":49,"column":6},"end":{"line":49,"column":43}},"type":"if","locations":[{"start":{"line":49,"column":6},"end":{"line":49,"column":43}}]},"5":{"loc":{"start":{"line":50,"column":6},"end":{"line":50,"column":47}},"type":"if","locations":[{"start":{"line":50,"column":6},"end":{"line":50,"column":47}}]},"6":{"loc":{"start":{"line":54,"column":4},"end":{"line":61,"column":5}},"type":"if","locations":[{"start":{"line":54,"column":4},"end":{"line":61,"column":5}}]},"7":{"loc":{"start":{"line":63,"column":4},"end":{"line":70,"column":5}},"type":"if","locations":[{"start":{"line":63,"column":4},"end":{"line":70,"column":5}}]},"8":{"loc":{"start":{"line":72,"column":4},"end":{"line":79,"column":5}},"type":"if","locations":[{"start":{"line":72,"column":4},"end":{"line":79,"column":5}}]},"9":{"loc":{"start":{"line":81,"column":4},"end":{"line":87,"column":5}},"type":"if","locations":[{"start":{"line":81,"column":4},"end":{"line":87,"column":5}}]},"10":{"loc":{"start":{"line":89,"column":4},"end":{"line":95,"column":5}},"type":"if","locations":[{"start":{"line":89,"column":4},"end":{"line":95,"column":5}}]},"11":{"loc":{"start":{"line":89,"column":8},"end":{"line":89,"column":64}},"type":"binary-expr","locations":[{"start":{"line":89,"column":8},"end":{"line":89,"column":27}},{"start":{"line":89,"column":31},"end":{"line":89,"column":64}}]},"12":{"loc":{"start":{"line":97,"column":27},"end":{"line":97,"column":57}},"type":"binary-expr","locations":[{"start":{"line":97,"column":27},"end":{"line":97,"column":42}},{"start":{"line":97,"column":46},"end":{"line":97,"column":57}}]},"13":{"loc":{"start":{"line":99,"column":4},"end":{"line":105,"column":5}},"type":"if","locations":[{"start":{"line":99,"column":4},"end":{"line":105,"column":5}}]},"14":{"loc":{"start":{"line":99,"column":8},"end":{"line":99,"column":58}},"type":"binary-expr","locations":[{"start":{"line":99,"column":8},"end":{"line":99,"column":26}},{"start":{"line":99,"column":30},"end":{"line":99,"column":58}}]},"15":{"loc":{"start":{"line":108,"column":4},"end":{"line":114,"column":5}},"type":"if","locations":[{"start":{"line":108,"column":4},"end":{"line":114,"column":5}}]},"16":{"loc":{"start":{"line":117,"column":4},"end":{"line":123,"column":5}},"type":"if","locations":[{"start":{"line":117,"column":4},"end":{"line":123,"column":5}}]},"17":{"loc":{"start":{"line":133,"column":14},"end":{"line":133,"column":35}},"type":"binary-expr","locations":[{"start":{"line":133,"column":14},"end":{"line":133,"column":20}},{"start":{"line":133,"column":24},"end":{"line":133,"column":35}}]},"18":{"loc":{"start":{"line":161,"column":4},"end":{"line":163,"column":5}},"type":"if","locations":[{"start":{"line":161,"column":4},"end":{"line":163,"column":5}}]},"19":{"loc":{"start":{"line":165,"column":4},"end":{"line":167,"column":5}},"type":"if","locations":[{"start":{"line":165,"column":4},"end":{"line":167,"column":5}}]},"20":{"loc":{"start":{"line":169,"column":4},"end":{"line":173,"column":5}},"type":"if","locations":[{"start":{"line":169,"column":4},"end":{"line":173,"column":5}},{"start":{"line":171,"column":11},"end":{"line":173,"column":5}}]},"21":{"loc":{"start":{"line":176,"column":4},"end":{"line":194,"column":5}},"type":"if","locations":[{"start":{"line":176,"column":4},"end":{"line":194,"column":5}}]},"22":{"loc":{"start":{"line":180,"column":6},"end":{"line":186,"column":7}},"type":"if","locations":[{"start":{"line":180,"column":6},"end":{"line":186,"column":7}}]},"23":{"loc":{"start":{"line":180,"column":10},"end":{"line":180,"column":24}},"type":"binary-expr","locations":[{"start":{"line":180,"column":10},"end":{"line":180,"column":12}},{"start":{"line":180,"column":16},"end":{"line":180,"column":18}},{"start":{"line":180,"column":22},"end":{"line":180,"column":24}}]},"24":{"loc":{"start":{"line":226,"column":4},"end":{"line":232,"column":5}},"type":"if","locations":[{"start":{"line":226,"column":4},"end":{"line":232,"column":5}}]},"25":{"loc":{"start":{"line":238,"column":4},"end":{"line":240,"column":5}},"type":"if","locations":[{"start":{"line":238,"column":4},"end":{"line":240,"column":5}}]},"26":{"loc":{"start":{"line":238,"column":8},"end":{"line":238,"column":58}},"type":"binary-expr","locations":[{"start":{"line":238,"column":8},"end":{"line":238,"column":14}},{"start":{"line":238,"column":18},"end":{"line":238,"column":34}},{"start":{"line":238,"column":38},"end":{"line":238,"column":58}}]},"27":{"loc":{"start":{"line":272,"column":4},"end":{"line":278,"column":5}},"type":"if","locations":[{"start":{"line":272,"column":4},"end":{"line":278,"column":5}}]},"28":{"loc":{"start":{"line":282,"column":4},"end":{"line":288,"column":5}},"type":"if","locations":[{"start":{"line":282,"column":4},"end":{"line":288,"column":5}}]},"29":{"loc":{"start":{"line":291,"column":4},"end":{"line":297,"column":5}},"type":"if","locations":[{"start":{"line":291,"column":4},"end":{"line":297,"column":5}}]},"30":{"loc":{"start":{"line":300,"column":4},"end":{"line":306,"column":5}},"type":"if","locations":[{"start":{"line":300,"column":4},"end":{"line":306,"column":5}}]},"31":{"loc":{"start":{"line":315,"column":4},"end":{"line":321,"column":5}},"type":"if","locations":[{"start":{"line":315,"column":4},"end":{"line":321,"column":5}}]}},"s":{"0":1,"1":1,"2":1,"3":1,"4":6,"5":6,"6":6,"7":1,"8":1,"9":5,"10":5,"11":2,"12":2,"13":3,"14":9,"15":0,"16":9,"17":9,"18":0,"19":9,"20":0,"21":9,"22":3,"23":0,"24":0,"25":3,"26":0,"27":0,"28":3,"29":0,"30":0,"31":3,"32":0,"33":0,"34":3,"35":0,"36":0,"37":3,"38":3,"39":1,"40":1,"41":2,"42":2,"43":0,"44":0,"45":2,"46":2,"47":0,"48":0,"49":2,"50":1,"51":1,"52":1,"53":1,"54":1,"55":4,"56":4,"57":4,"58":4,"59":1,"60":4,"61":1,"62":4,"63":0,"64":4,"65":4,"66":1,"67":1,"68":1,"69":1,"70":0,"71":0,"72":0,"73":3,"74":2,"75":1,"76":1,"77":1,"78":1,"79":0,"80":0,"81":0,"82":0,"83":0,"84":0,"85":0,"86":0,"87":0,"88":0,"89":0,"90":0,"91":0,"92":1,"93":1,"94":0,"95":0,"96":0,"97":0,"98":0,"99":0,"100":0,"101":0,"102":0,"103":0,"104":0,"105":0,"106":0,"107":0,"108":0,"109":0,"110":0,"111":0,"112":0,"113":0,"114":0,"115":0,"116":0,"117":0,"118":1},"f":{"0":6,"1":9,"2":4,"3":0,"4":0},"b":{"0":[1],"1":[2],"2":[5,4,4,4,4],"3":[0],"4":[0],"5":[0],"6":[0],"7":[0],"8":[0],"9":[0],"10":[0],"11":[3,3],"12":[3,1],"13":[1],"14":[3,3],"15":[0],"16":[0],"17":[2,2],"18":[1],"19":[1],"20":[0,4],"21":[1],"22":[1],"23":[1,0,0],"24":[0],"25":[0],"26":[0,0,0],"27":[0],"28":[0],"29":[0],"30":[0],"31":[0]}}
,"/home/mluisaprado/software-backend/src/controllers/userController.ts": {"path":"/home/mluisaprado/software-backend/src/controllers/userController.ts","statementMap":{"0":{"start":{"line":3,"column":0},"end":{"line":3,"column":34}},"1":{"start":{"line":4,"column":0},"end":{"line":4,"column":54}},"2":{"start":{"line":5,"column":0},"end":{"line":5,"column":38}},"3":{"start":{"line":7,"column":27},"end":{"line":29,"column":1}},"4":{"start":{"line":8,"column":2},"end":{"line":28,"column":3}},"5":{"start":{"line":9,"column":15},"end":{"line":9,"column":36}},"6":{"start":{"line":11,"column":4},"end":{"line":13,"column":5}},"7":{"start":{"line":12,"column":6},"end":{"line":12,"column":73}},"8":{"start":{"line":15,"column":17},"end":{"line":15,"column":40}},"9":{"start":{"line":17,"column":4},"end":{"line":19,"column":5}},"10":{"start":{"line":18,"column":6},"end":{"line":18,"column":72}},"11":{"start":{"line":22,"column":38},"end":{"line":22,"column":51}},"12":{"start":{"line":24,"column":4},"end":{"line":24,"column":30}},"13":{"start":{"line":26,"column":4},"end":{"line":26,"column":61}},"14":{"start":{"line":27,"column":4},"end":{"line":27,"column":75}},"15":{"start":{"line":7,"column":13},"end":{"line":7,"column":27}},"16":{"start":{"line":31,"column":30},"end":{"line":73,"column":1}},"17":{"start":{"line":32,"column":2},"end":{"line":72,"column":3}},"18":{"start":{"line":33,"column":19},"end":{"line":33,"column":40}},"19":{"start":{"line":35,"column":4},"end":{"line":37,"column":5}},"20":{"start":{"line":36,"column":6},"end":{"line":36,"column":78}},"21":{"start":{"line":39,"column":20},"end":{"line":50,"column":6}},"22":{"start":{"line":53,"column":6},"end":{"line":56,"column":11}},"23":{"start":{"line":54,"column":50},"end":{"line":54,"column":63}},"24":{"start":{"line":58,"column":4},"end":{"line":65,"column":7}},"25":{"start":{"line":67,"column":4},"end":{"line":67,"column":50}},"26":{"start":{"line":68,"column":4},"end":{"line":71,"column":7}},"27":{"start":{"line":31,"column":13},"end":{"line":31,"column":30}}},"fnMap":{"0":{"name":"(anonymous_1)","decl":{"start":{"line":7,"column":27},"end":{"line":7,"column":32}},"loc":{"start":{"line":7,"column":65},"end":{"line":29,"column":1}}},"1":{"name":"(anonymous_2)","decl":{"start":{"line":31,"column":30},"end":{"line":31,"column":35}},"loc":{"start":{"line":31,"column":68},"end":{"line":73,"column":1}}},"2":{"name":"(anonymous_3)","decl":{"start":{"line":54,"column":25},"end":{"line":54,"column":26}},"loc":{"start":{"line":54,"column":50},"end":{"line":54,"column":63}}}},"branchMap":{"0":{"loc":{"start":{"line":11,"column":4},"end":{"line":13,"column":5}},"type":"if","locations":[{"start":{"line":11,"column":4},"end":{"line":13,"column":5}}]},"1":{"loc":{"start":{"line":17,"column":4},"end":{"line":19,"column":5}},"type":"if","locations":[{"start":{"line":17,"column":4},"end":{"line":19,"column":5}}]},"2":{"loc":{"start":{"line":35,"column":4},"end":{"line":37,"column":5}},"type":"if","locations":[{"start":{"line":35,"column":4},"end":{"line":37,"column":5}}]},"3":{"loc":{"start":{"line":53,"column":6},"end":{"line":56,"column":11}},"type":"cond-expr","locations":[{"start":{"line":54,"column":10},"end":{"line":55,"column":24}},{"start":{"line":56,"column":10},"end":{"line":56,"column":11}}]}},"s":{"0":1,"1":1,"2":1,"3":1,"4":4,"5":4,"6":4,"7":1,"8":3,"9":2,"10":1,"11":1,"12":1,"13":1,"14":1,"15":1,"16":1,"17":0,"18":0,"19":0,"20":0,"21":0,"22":0,"23":0,"24":0,"25":0,"26":0,"27":1},"f":{"0":4,"1":0,"2":0},"b":{"0":[1],"1":[1],"2":[0],"3":[0,0]}}
}
