TN:
SF:src/controllers/authController.ts
FN:8,(anonymous_1)
FN:66,(anonymous_2)
FN:127,(anonymous_3)
FNF:3
FNH:2
FNDA:3,(anonymous_1)
FNDA:4,(anonymous_2)
FNDA:0,(anonymous_3)
DA:2,1
DA:3,1
DA:5,1
DA:8,1
DA:9,3
DA:10,3
DA:13,3
DA:14,1
DA:18,1
DA:22,2
DA:23,2
DA:24,1
DA:28,1
DA:32,1
DA:39,1
DA:45,1
DA:56,0
DA:57,0
DA:66,1
DA:67,4
DA:68,4
DA:71,4
DA:72,1
DA:76,1
DA:80,3
DA:81,3
DA:82,1
DA:86,1
DA:90,2
DA:91,2
DA:92,1
DA:96,1
DA:100,1
DA:106,1
DA:117,0
DA:118,0
DA:127,1
DA:128,0
DA:129,0
DA:131,0
DA:135,0
DA:136,0
DA:140,0
DA:143,0
DA:148,0
DA:149,0
LF:46
LH:33
BRDA:5,0,0,1
BRDA:5,0,1,0
BRDA:13,1,0,1
BRDA:13,2,0,3
BRDA:13,2,1,2
BRDA:13,2,2,2
BRDA:23,3,0,1
BRDA:71,4,0,1
BRDA:71,5,0,4
BRDA:71,5,1,3
BRDA:81,6,0,1
BRDA:91,7,0,1
BRDA:135,8,0,0
BRF:13
BRH:11
end_of_record
TN:
SF:src/controllers/tripController.ts
FN:15,(anonymous_0)
FN:98,(anonymous_1)
FNF:2
FNH:2
FNDA:3,(anonymous_0)
FNDA:2,(anonymous_1)
DA:2,1
DA:3,1
DA:15,1
DA:16,3
DA:17,3
DA:19,3
DA:20,1
DA:24,1
DA:35,2
DA:37,2
DA:38,1
DA:42,1
DA:45,1
DA:46,0
DA:50,0
DA:53,1
DA:55,1
DA:56,0
DA:60,0
DA:63,1
DA:64,1
DA:65,0
DA:69,0
DA:72,1
DA:83,1
DA:89,0
DA:90,0
DA:98,1
DA:99,2
DA:100,2
DA:107,2
DA:109,2
DA:110,1
DA:113,2
DA:114,1
DA:117,2
DA:118,0
DA:120,2
DA:123,2
DA:124,1
DA:125,1
DA:126,1
DA:130,1
DA:133,0
DA:134,0
DA:136,0
DA:141,1
DA:152,1
DA:157,0
DA:158,0
LF:50
LH:36
BRDA:19,0,0,1
BRDA:37,1,0,1
BRDA:37,2,0,2
BRDA:37,2,1,1
BRDA:37,2,2,1
BRDA:37,2,3,1
BRDA:37,2,4,1
BRDA:45,3,0,0
BRDA:53,4,0,1
BRDA:53,4,1,0
BRDA:55,5,0,0
BRDA:55,6,0,1
BRDA:55,6,1,1
BRDA:64,7,0,0
BRDA:80,8,0,1
BRDA:80,8,1,1
BRDA:109,9,0,1
BRDA:113,10,0,1
BRDA:117,11,0,0
BRDA:117,11,1,2
BRDA:123,12,0,1
BRDA:125,13,0,1
BRF:22
BRH:17
end_of_record
