TN:
SF:src/controllers/authController.ts
FN:8,(anonymous_1)
FN:63,(anonymous_2)
FN:122,(anonymous_3)
FNF:3
FNH:3
FNDA:4,(anonymous_1)
FNDA:5,(anonymous_2)
FNDA:3,(anonymous_3)
DA:2,1
DA:3,1
DA:5,1
DA:8,1
DA:9,4
DA:10,4
DA:12,4
DA:13,1
DA:17,1
DA:21,3
DA:22,3
DA:23,1
DA:27,1
DA:31,2
DA:37,1
DA:42,1
DA:53,1
DA:54,1
DA:63,1
DA:64,5
DA:65,5
DA:67,5
DA:68,1
DA:72,1
DA:76,4
DA:77,3
DA:78,1
DA:82,1
DA:86,2
DA:87,2
DA:88,1
DA:92,1
DA:96,1
DA:101,1
DA:112,1
DA:113,1
DA:122,1
DA:123,3
DA:124,3
DA:126,3
DA:130,2
DA:131,1
DA:135,1
DA:138,1
DA:143,1
DA:144,1
LF:46
LH:46
BRDA:5,0,0,1
BRDA:5,0,1,0
BRDA:12,1,0,1
BRDA:12,2,0,4
BRDA:12,2,1,3
BRDA:12,2,2,3
BRDA:22,3,0,1
BRDA:67,4,0,1
BRDA:67,5,0,5
BRDA:67,5,1,4
BRDA:77,6,0,1
BRDA:87,7,0,1
BRDA:130,8,0,1
BRF:13
BRH:12
end_of_record
TN:
SF:src/controllers/messageController.ts
FN:12,(anonymous_1)
FN:91,(anonymous_2)
FNF:2
FNH:2
FNDA:4,(anonymous_1)
FNDA:5,(anonymous_2)
DA:3,1
DA:4,1
DA:5,1
DA:6,1
DA:12,1
DA:16,4
DA:17,4
DA:18,4
DA:19,4
DA:21,4
DA:22,1
DA:23,1
DA:26,3
DA:27,1
DA:31,1
DA:35,2
DA:36,2
DA:37,1
DA:41,1
DA:44,1
DA:73,1
DA:78,0
DA:79,0
DA:91,1
DA:95,5
DA:96,5
DA:97,5
DA:103,5
DA:104,1
DA:105,1
DA:108,4
DA:109,1
DA:113,1
DA:116,3
DA:117,3
DA:118,1
DA:122,1
DA:125,2
DA:126,2
DA:127,1
DA:131,1
DA:134,1
DA:142,1
DA:148,0
DA:149,0
LF:45
LH:41
BRDA:21,0,0,1
BRDA:26,1,0,1
BRDA:26,2,0,3
BRDA:26,2,1,2
BRDA:36,3,0,1
BRDA:103,4,0,1
BRDA:108,5,0,1
BRDA:108,6,0,4
BRDA:108,6,1,4
BRDA:108,6,2,3
BRDA:117,7,0,1
BRDA:126,8,0,1
BRF:12
BRH:12
end_of_record
TN:
SF:src/controllers/reservationController.ts
FN:9,(anonymous_1)
FN:81,(anonymous_2)
FN:195,(anonymous_3)
FN:280,(anonymous_4)
FN:349,(anonymous_5)
FN:360,(anonymous_6)
FN:376,(anonymous_7)
FNF:7
FNH:4
FNDA:5,(anonymous_1)
FNDA:3,(anonymous_2)
FNDA:2,(anonymous_3)
FNDA:2,(anonymous_4)
FNDA:0,(anonymous_5)
FNDA:0,(anonymous_6)
FNDA:0,(anonymous_7)
DA:3,1
DA:4,1
DA:5,1
DA:7,1
DA:9,1
DA:13,5
DA:14,5
DA:15,5
DA:17,5
DA:18,1
DA:19,1
DA:22,4
DA:23,1
DA:27,1
DA:30,3
DA:32,3
DA:33,1
DA:37,1
DA:41,2
DA:43,2
DA:44,1
DA:48,1
DA:51,1
DA:63,1
DA:68,0
DA:69,0
DA:81,1
DA:85,3
DA:86,3
DA:87,3
DA:89,3
DA:90,1
DA:91,1
DA:94,2
DA:95,0
DA:99,0
DA:102,2
DA:111,2
DA:112,1
DA:116,1
DA:120,1
DA:122,1
DA:123,0
DA:127,0
DA:130,1
DA:132,1
DA:133,0
DA:137,0
DA:140,1
DA:141,1
DA:145,1
DA:149,0
DA:150,0
DA:151,0
DA:155,0
DA:158,0
DA:159,0
DA:163,0
DA:167,0
DA:168,0
DA:171,0
DA:172,0
DA:173,0
DA:175,0
DA:177,0
DA:182,0
DA:183,0
DA:195,1
DA:199,2
DA:200,2
DA:201,2
DA:203,2
DA:204,1
DA:205,1
DA:208,1
DA:209,0
DA:213,0
DA:216,1
DA:225,1
DA:226,1
DA:230,1
DA:233,0
DA:235,0
DA:236,0
DA:240,0
DA:243,0
DA:245,0
DA:246,0
DA:250,0
DA:253,0
DA:254,0
DA:258,0
DA:262,0
DA:263,0
DA:265,0
DA:270,0
DA:271,0
DA:280,1
DA:284,2
DA:285,2
DA:287,2
DA:288,1
DA:289,1
DA:292,1
DA:295,1
DA:322,1
DA:349,1
DA:358,1
DA:360,1
DA:361,0
DA:362,0
DA:363,0
DA:372,1
DA:375,1
DA:377,0
DA:381,1
DA:386,0
DA:387,0
LF:118
LH:70
BRDA:17,0,0,1
BRDA:22,1,0,1
BRDA:32,2,0,1
BRDA:43,3,0,1
BRDA:89,4,0,1
BRDA:94,5,0,0
BRDA:111,6,0,1
BRDA:122,7,0,0
BRDA:132,8,0,0
BRDA:140,9,0,1
BRDA:150,10,0,0
BRDA:158,11,0,0
BRDA:172,12,0,0
BRDA:203,13,0,1
BRDA:208,14,0,0
BRDA:225,15,0,1
BRDA:235,16,0,0
BRDA:245,17,0,0
BRDA:253,18,0,0
BRDA:287,19,0,1
BRDA:362,20,0,0
BRDA:362,21,0,0
BRDA:362,21,1,0
BRF:23
BRH:10
end_of_record
TN:
SF:src/controllers/tripController.ts
FN:16,(anonymous_1)
FN:98,(anonymous_2)
FN:170,(anonymous_3)
FNF:3
FNH:2
FNDA:6,(anonymous_1)
FNDA:4,(anonymous_2)
FNDA:0,(anonymous_3)
DA:2,1
DA:3,1
DA:4,1
DA:16,1
DA:17,6
DA:18,6
DA:20,6
DA:21,1
DA:25,1
DA:36,5
DA:38,5
DA:39,2
DA:43,2
DA:46,3
DA:47,0
DA:51,0
DA:54,3
DA:56,3
DA:57,1
DA:61,1
DA:64,2
DA:65,2
DA:66,0
DA:70,0
DA:73,2
DA:83,1
DA:89,1
DA:90,1
DA:98,1
DA:99,4
DA:100,4
DA:107,4
DA:109,4
DA:110,1
DA:113,4
DA:114,1
DA:117,4
DA:119,0
DA:120,4
DA:122,4
DA:127,4
DA:128,1
DA:129,1
DA:130,1
DA:134,1
DA:137,0
DA:138,0
DA:140,0
DA:145,3
DA:156,2
DA:161,1
DA:162,1
DA:170,1
DA:171,0
DA:172,0
DA:173,0
DA:175,0
DA:176,0
DA:180,0
DA:184,0
DA:186,0
DA:187,0
DA:191,0
DA:196,0
DA:197,0
DA:201,0
DA:206,0
DA:207,0
DA:211,0
DA:215,0
DA:222,0
DA:223,0
DA:227,0
DA:231,0
DA:249,0
DA:255,0
DA:256,0
LF:77
LH:45
BRDA:20,0,0,1
BRDA:38,1,0,2
BRDA:38,2,0,5
BRDA:38,2,1,4
BRDA:38,2,2,4
BRDA:38,2,3,4
BRDA:38,2,4,4
BRDA:46,3,0,0
BRDA:54,4,0,3
BRDA:54,4,1,1
BRDA:56,5,0,1
BRDA:56,6,0,3
BRDA:56,6,1,3
BRDA:65,7,0,0
BRDA:81,8,0,2
BRDA:81,8,1,2
BRDA:109,9,0,1
BRDA:113,10,0,1
BRDA:117,11,0,0
BRDA:117,11,1,4
BRDA:117,12,0,4
BRDA:117,12,1,0
BRDA:117,12,2,0
BRDA:120,13,0,4
BRDA:120,14,0,4
BRDA:120,14,1,0
BRDA:127,15,0,1
BRDA:129,16,0,1
BRDA:175,17,0,0
BRDA:186,18,0,0
BRDA:196,19,0,0
BRDA:206,20,0,0
BRDA:222,21,0,0
BRF:33
BRH:22
end_of_record
TN:
SF:src/controllers/userController.ts
FN:5,(anonymous_1)
FNF:1
FNH:1
FNDA:4,(anonymous_1)
DA:3,1
DA:5,1
DA:6,4
DA:7,4
DA:9,4
DA:10,1
DA:13,3
DA:15,2
DA:16,1
DA:20,1
DA:22,1
DA:24,1
DA:25,1
LF:13
LH:13
BRDA:9,0,0,1
BRDA:15,1,0,1
BRF:2
BRH:2
end_of_record
